<?xml version="1.0" encoding="UTF-8" ?>
<testsuite tests="4" failures="0" name="org.test.api.GlpiApiCallTest" time="2.398" errors="0" skipped="0">
  <properties>
[...]
</properties>
  <testcase classname="org.test.api.GlpiApiCallTest" name="Test_Should_getListTicket" time="0.781"/>
  <testcase classname="org.test.api.GlpiApiCallTest" name="Test_Should_DeleteAllTicket" time="0.411"/>
  <testcase classname="org.test.api.GlpiApiCallTest" name="Test_Should_DeleteATicket" time="0.519"/>
  <testcase classname="org.test.api.GlpiApiCallTest" name="test_Should_create_Ticket" time="0.687"/>
</testsuite>