<?xml version="1.0" encoding="UTF-8" ?>
<testsuite tests="9" failures="0" name="org.test.api.EndpointTest" time="11.956" errors="0" skipped="0">
  <properties>
[...]
</properties>
  <testcase classname="org.test.api.EndpointTest" name="TestGetMyEntitiesEndpoint_Should_return200" time="1.256"/>
  <testcase classname="org.test.api.EndpointTest" name="TestGetMassiveActionsEndpoint_Should_return200" time="1.54"/>
  <testcase classname="org.test.api.EndpointTest" name="TestUpdateItemEndpoint_Should_return200" time="3.408"/>
  <testcase classname="org.test.api.EndpointTest" name="TestGetMyProfilesEndpoint_Should_return200" time="0.893"/>
  <testcase classname="org.test.api.EndpointTest" name="TestActiveEntitiesEndpoint_Should_return200" time="0.819"/>
  <testcase classname="org.test.api.EndpointTest" name="TestGlpiConfigEndpoint_Should_return200" time="0.766"/>
  <testcase classname="org.test.api.EndpointTest" name="TestFullSessionEndpoint_Should_return200" time="1"/>
  <testcase classname="org.test.api.EndpointTest" name="TestKillSessionEndpoint_Should_return200" time="1.175"/>
  <testcase classname="org.test.api.EndpointTest" name="TestInitSessionEndpoint_Should_restrieveSessionToken" time="1.099"/>
</testsuite>